app/build/intermediates/manifest_merge_blame_file/debug/manifest-merger-blame-debug-report.txt
1<?xml version="1.0" encoding="utf-8"?>
2<manifest xmlns:android="http://schemas.android.com/apk/res/android"
3    package="com.android.composegeomarker"
4    android:versionCode="1"
5    android:versionName="1.0" >
6
7    <uses-sdk
8        android:minSdkVersion="21"
8-->src\main\AndroidManifest.xml
9        android:targetSdkVersion="32" />
9-->src\main\AndroidManifest.xml
10
11    <uses-permission android:name="android.permission.ACCESS_FINE_LOCATION" />
11-->src\main\AndroidManifest.xml:6:3-76
11-->src\main\AndroidManifest.xml:6:20-74
12    <uses-permission android:name="android.permission.ACCESS_COARSE_LOCATION" />
12-->src\main\AndroidManifest.xml:7:3-78
12-->src\main\AndroidManifest.xml:7:20-76
13
14    <!-- Include required permissions for Google Maps API to run. -->
15    <uses-permission android:name="android.permission.ACCESS_NETWORK_STATE" />
15-->[com.google.android.gms:play-services-maps:18.1.0] AndroidManifest.xml:23:5-79
15-->[com.google.android.gms:play-services-maps:18.1.0] AndroidManifest.xml:23:22-76
16    <uses-permission android:name="android.permission.INTERNET" />
16-->[com.google.android.gms:play-services-maps:18.1.0] AndroidManifest.xml:24:5-67
16-->[com.google.android.gms:play-services-maps:18.1.0] AndroidManifest.xml:24:22-64
17
18    <uses-feature
18-->[com.google.android.gms:play-services-maps:18.1.0] AndroidManifest.xml:26:5-28:35
19        android:glEsVersion="0x00020000"
19-->[com.google.android.gms:play-services-maps:18.1.0] AndroidManifest.xml:27:9-41
20        android:required="true" />
20-->[com.google.android.gms:play-services-maps:18.1.0] AndroidManifest.xml:28:9-32
21
22    <queries>
22-->[com.google.android.gms:play-services-maps:18.1.0] AndroidManifest.xml:30:5-34:15
23
24        <!-- Needs to be explicitly declared on Android R+ -->
25        <package android:name="com.google.android.apps.maps" />
25-->[com.google.android.gms:play-services-maps:18.1.0] AndroidManifest.xml:33:9-64
25-->[com.google.android.gms:play-services-maps:18.1.0] AndroidManifest.xml:33:18-61
26    </queries>
27
28    <application
28-->src\main\AndroidManifest.xml:9:3-31:17
29        android:allowBackup="false"
29-->src\main\AndroidManifest.xml:10:7-34
30        android:appComponentFactory="androidx.core.app.CoreComponentFactory"
30-->[androidx.core:core:1.8.0] AndroidManifest.xml:24:18-86
31        android:debuggable="true"
32        android:icon="@mipmap/ic_launcher"
32-->src\main\AndroidManifest.xml:11:7-41
33        android:label="@string/app_name"
33-->src\main\AndroidManifest.xml:12:7-39
34        android:roundIcon="@mipmap/ic_launcher_round"
34-->src\main\AndroidManifest.xml:13:7-52
35        android:supportsRtl="true"
35-->src\main\AndroidManifest.xml:14:7-33
36        android:testOnly="true" >
37        <activity
37-->src\main\AndroidManifest.xml:17:5-26:16
38            android:name="com.android.composegeomarker.presentation.activities.MainActivity"
38-->src\main\AndroidManifest.xml:18:9-61
39            android:exported="true"
39-->src\main\AndroidManifest.xml:19:9-32
40            android:theme="@style/AppTheme" >
40-->src\main\AndroidManifest.xml:20:9-40
41            <intent-filter>
41-->src\main\AndroidManifest.xml:21:7-25:23
42                <action android:name="android.intent.action.MAIN" />
42-->src\main\AndroidManifest.xml:22:9-61
42-->src\main\AndroidManifest.xml:22:17-58
43
44                <category android:name="android.intent.category.LAUNCHER" />
44-->src\main\AndroidManifest.xml:24:9-69
44-->src\main\AndroidManifest.xml:24:19-66
45            </intent-filter>
46        </activity>
47
48        <meta-data
49            android:name="com.google.android.geo.API_KEY"
49-->src\main\AndroidManifest.xml:29:9-54
50            android:value="AIzaSyA492W-bT2PCBRfKXbHKxHWeQDMf-XJc6o" />
50-->src\main\AndroidManifest.xml:30:9-40
51
52        <activity
52-->[androidx.compose.ui:ui-tooling:1.3.0-alpha01] AndroidManifest.xml:24:9-26:39
53            android:name="androidx.compose.ui.tooling.PreviewActivity"
53-->[androidx.compose.ui:ui-tooling:1.3.0-alpha01] AndroidManifest.xml:25:13-71
54            android:exported="true" />
54-->[androidx.compose.ui:ui-tooling:1.3.0-alpha01] AndroidManifest.xml:26:13-36
55
56        <uses-library
56-->[androidx.window:window:1.1.0-alpha02] AndroidManifest.xml:25:9-27:40
57            android:name="androidx.window.extensions"
57-->[androidx.window:window:1.1.0-alpha02] AndroidManifest.xml:26:13-54
58            android:required="false" />
58-->[androidx.window:window:1.1.0-alpha02] AndroidManifest.xml:27:13-37
59        <uses-library
59-->[androidx.window:window:1.1.0-alpha02] AndroidManifest.xml:28:9-30:40
60            android:name="androidx.window.sidecar"
60-->[androidx.window:window:1.1.0-alpha02] AndroidManifest.xml:29:13-51
61            android:required="false" /> <!-- Needs to be explicitly declared on P+ -->
61-->[androidx.window:window:1.1.0-alpha02] AndroidManifest.xml:30:13-37
62        <uses-library
62-->[com.google.android.gms:play-services-maps:18.1.0] AndroidManifest.xml:39:9-41:40
63            android:name="org.apache.http.legacy"
63-->[com.google.android.gms:play-services-maps:18.1.0] AndroidManifest.xml:40:13-50
64            android:required="false" />
64-->[com.google.android.gms:play-services-maps:18.1.0] AndroidManifest.xml:41:13-37
65
66        <activity
66-->[com.google.android.gms:play-services-base:18.0.1] AndroidManifest.xml:20:9-22:45
67            android:name="com.google.android.gms.common.api.GoogleApiActivity"
67-->[com.google.android.gms:play-services-base:18.0.1] AndroidManifest.xml:20:19-85
68            android:exported="false"
68-->[com.google.android.gms:play-services-base:18.0.1] AndroidManifest.xml:22:19-43
69            android:theme="@android:style/Theme.Translucent.NoTitleBar" />
69-->[com.google.android.gms:play-services-base:18.0.1] AndroidManifest.xml:21:19-78
70
71        <meta-data
71-->[com.google.android.gms:play-services-basement:18.0.0] AndroidManifest.xml:21:9-23:69
72            android:name="com.google.android.gms.version"
72-->[com.google.android.gms:play-services-basement:18.0.0] AndroidManifest.xml:22:13-58
73            android:value="@integer/google_play_services_version" />
73-->[com.google.android.gms:play-services-basement:18.0.0] AndroidManifest.xml:23:13-66
74
75        <activity
75-->[androidx.compose.ui:ui-test-manifest:1.3.0-alpha01] AndroidManifest.xml:24:9-26:39
76            android:name="androidx.activity.ComponentActivity"
76-->[androidx.compose.ui:ui-test-manifest:1.3.0-alpha01] AndroidManifest.xml:25:13-63
77            android:exported="true" />
77-->[androidx.compose.ui:ui-test-manifest:1.3.0-alpha01] AndroidManifest.xml:26:13-36
78
79        <provider
79-->[androidx.emoji2:emoji2:1.0.0] AndroidManifest.xml:26:9-34:20
80            android:name="androidx.startup.InitializationProvider"
80-->[androidx.emoji2:emoji2:1.0.0] AndroidManifest.xml:27:13-67
81            android:authorities="com.android.composegeomarker.androidx-startup"
81-->[androidx.emoji2:emoji2:1.0.0] AndroidManifest.xml:28:13-68
82            android:exported="false" >
82-->[androidx.emoji2:emoji2:1.0.0] AndroidManifest.xml:29:13-37
83            <meta-data
83-->[androidx.emoji2:emoji2:1.0.0] AndroidManifest.xml:31:13-33:52
84                android:name="androidx.emoji2.text.EmojiCompatInitializer"
84-->[androidx.emoji2:emoji2:1.0.0] AndroidManifest.xml:32:17-75
85                android:value="androidx.startup" />
85-->[androidx.emoji2:emoji2:1.0.0] AndroidManifest.xml:33:17-49
86            <meta-data
86-->[androidx.profileinstaller:profileinstaller:1.2.0-rc01] AndroidManifest.xml:30:13-32:52
87                android:name="androidx.profileinstaller.ProfileInstallerInitializer"
87-->[androidx.profileinstaller:profileinstaller:1.2.0-rc01] AndroidManifest.xml:31:17-85
88                android:value="androidx.startup" />
88-->[androidx.profileinstaller:profileinstaller:1.2.0-rc01] AndroidManifest.xml:32:17-49
89            <meta-data
89-->[androidx.lifecycle:lifecycle-process:2.4.0] AndroidManifest.xml:31:13-33:52
90                android:name="androidx.lifecycle.ProcessLifecycleInitializer"
90-->[androidx.lifecycle:lifecycle-process:2.4.0] AndroidManifest.xml:32:17-78
91                android:value="androidx.startup" />
91-->[androidx.lifecycle:lifecycle-process:2.4.0] AndroidManifest.xml:33:17-49
92        </provider>
93
94        <receiver
94-->[androidx.profileinstaller:profileinstaller:1.2.0-rc01] AndroidManifest.xml:35:9-47:20
95            android:name="androidx.profileinstaller.ProfileInstallReceiver"
95-->[androidx.profileinstaller:profileinstaller:1.2.0-rc01] AndroidManifest.xml:36:13-76
96            android:directBootAware="false"
96-->[androidx.profileinstaller:profileinstaller:1.2.0-rc01] AndroidManifest.xml:37:13-44
97            android:enabled="true"
97-->[androidx.profileinstaller:profileinstaller:1.2.0-rc01] AndroidManifest.xml:38:13-35
98            android:exported="true"
98-->[androidx.profileinstaller:profileinstaller:1.2.0-rc01] AndroidManifest.xml:39:13-36
99            android:permission="android.permission.DUMP" >
99-->[androidx.profileinstaller:profileinstaller:1.2.0-rc01] AndroidManifest.xml:40:13-57
100            <intent-filter>
100-->[androidx.profileinstaller:profileinstaller:1.2.0-rc01] AndroidManifest.xml:41:13-43:29
101                <action android:name="androidx.profileinstaller.action.INSTALL_PROFILE" />
101-->[androidx.profileinstaller:profileinstaller:1.2.0-rc01] AndroidManifest.xml:42:17-91
101-->[androidx.profileinstaller:profileinstaller:1.2.0-rc01] AndroidManifest.xml:42:25-88
102            </intent-filter>
103            <intent-filter>
103-->[androidx.profileinstaller:profileinstaller:1.2.0-rc01] AndroidManifest.xml:44:13-46:29
104                <action android:name="androidx.profileinstaller.action.SKIP_FILE" />
104-->[androidx.profileinstaller:profileinstaller:1.2.0-rc01] AndroidManifest.xml:45:17-85
104-->[androidx.profileinstaller:profileinstaller:1.2.0-rc01] AndroidManifest.xml:45:25-82
105            </intent-filter>
106        </receiver>
107    </application>
108
109</manifest>